<?xml version="1.0" encoding="UTF-8"?>
<coverage generated="1727343403831" clover="3.2.0">
  <project timestamp="1727343403831" name="All files">
    <metrics statements="14" coveredstatements="13" conditionals="8" coveredconditionals="7" methods="2" coveredmethods="2" elements="24" coveredelements="22" complexity="0" loc="14" ncloc="14" packages="1" files="1" classes="1"/>
    <file name="index.js" path="/Users/aleksandrkupcov/WORK/frontend-project-46/src/index.js">
      <metrics statements="14" coveredstatements="13" conditionals="8" coveredconditionals="7" methods="2" coveredmethods="2"/>
      <line num="2" count="1" type="stmt"/>
      <line num="3" count="7" type="stmt"/>
      <line num="4" count="7" type="stmt"/>
      <line num="5" count="7" type="stmt"/>
      <line num="6" count="12" type="cond" truecount="2" falsecount="0"/>
      <line num="7" count="2" type="stmt"/>
      <line num="8" count="10" type="cond" truecount="2" falsecount="0"/>
      <line num="9" count="2" type="stmt"/>
      <line num="10" count="8" type="cond" truecount="2" falsecount="0"/>
      <line num="11" count="2" type="stmt"/>
      <line num="12" count="6" type="cond" truecount="1" falsecount="1"/>
      <line num="13" count="6" type="stmt"/>
      <line num="15" count="0" type="stmt"/>
      <line num="17" count="7" type="stmt"/>
    </file>
  </project>
</coverage>
