{"/Users/aleksandrkupcov/WORK/frontend-project-46/src/index.js": {"path":"/Users/aleksandrkupcov/WORK/frontend-project-46/src/index.js","statementMap":{"0":{"start":{"line":2,"column":16},"end":{"line":18,"column":1}},"1":{"start":{"line":3,"column":15},"end":{"line":3,"column":73}},"2":{"start":{"line":4,"column":21},"end":{"line":4,"column":32}},"3":{"start":{"line":5,"column":17},"end":{"line":16,"column":31}},"4":{"start":{"line":6,"column":4},"end":{"line":8,"column":5}},"5":{"start":{"line":7,"column":6},"end":{"line":7,"column":40}},"6":{"start":{"line":8,"column":6},"end":{"line":10,"column":5}},"7":{"start":{"line":9,"column":6},"end":{"line":9,"column":40}},"8":{"start":{"line":10,"column":6},"end":{"line":12,"column":5}},"9":{"start":{"line":11,"column":6},"end":{"line":11,"column":66}},"10":{"start":{"line":12,"column":6},"end":{"line":14,"column":5}},"11":{"start":{"line":13,"column":6},"end":{"line":13,"column":40}},"12":{"start":{"line":15,"column":4},"end":{"line":15,"column":16}},"13":{"start":{"line":17,"column":2},"end":{"line":17,"column":27}}},"fnMap":{"0":{"name":"(anonymous_0)","decl":{"start":{"line":2,"column":16},"end":{"line":2,"column":17}},"loc":{"start":{"line":2,"column":32},"end":{"line":18,"column":1}},"line":2},"1":{"name":"(anonymous_1)","decl":{"start":{"line":5,"column":32},"end":{"line":5,"column":33}},"loc":{"start":{"line":5,"column":41},"end":{"line":16,"column":3}},"line":5}},"branchMap":{"0":{"loc":{"start":{"line":6,"column":4},"end":{"line":8,"column":5}},"type":"if","locations":[{"start":{"line":6,"column":4},"end":{"line":8,"column":5}},{"start":{},"end":{}}],"line":6},"1":{"loc":{"start":{"line":8,"column":6},"end":{"line":10,"column":5}},"type":"if","locations":[{"start":{"line":8,"column":6},"end":{"line":10,"column":5}},{"start":{},"end":{}}],"line":8},"2":{"loc":{"start":{"line":10,"column":6},"end":{"line":12,"column":5}},"type":"if","locations":[{"start":{"line":10,"column":6},"end":{"line":12,"column":5}},{"start":{},"end":{}}],"line":10},"3":{"loc":{"start":{"line":12,"column":6},"end":{"line":14,"column":5}},"type":"if","locations":[{"start":{"line":12,"column":6},"end":{"line":14,"column":5}},{"start":{},"end":{}}],"line":12}},"s":{"0":1,"1":7,"2":7,"3":7,"4":12,"5":2,"6":10,"7":2,"8":8,"9":2,"10":6,"11":6,"12":0,"13":7},"f":{"0":7,"1":12},"b":{"0":[2,10],"1":[2,8],"2":[2,6],"3":[6,0]},"_coverageSchema":"1a1c01bbd47fc00a2c39e90264f33305004495a9","hash":"c510c97ef9c54eaafe806baa829e4a85423d914a"}
}
