TN:
SF:phasad.js
FNF:0
FNH:0
LF:0
LH:0
BRF:0
BRH:0
end_of_record
TN:
SF:src/index.js
FN:1,(anonymous_0)
FN:4,(anonymous_1)
FNF:2
FNH:2
FNDA:7,(anonymous_0)
FNDA:12,(anonymous_1)
DA:1,1
DA:2,7
DA:3,7
DA:4,7
DA:5,12
DA:6,2
DA:7,10
DA:8,2
DA:9,8
DA:10,2
DA:11,6
DA:12,6
DA:14,0
DA:16,7
LF:14
LH:13
BRDA:5,0,0,2
BRDA:5,0,1,10
BRDA:7,1,0,2
BRDA:7,1,1,8
BRDA:9,2,0,2
BRDA:9,2,1,6
BRDA:11,3,0,6
BRDA:11,3,1,0
BRF:8
BRH:7
end_of_record
TN:
SF:src/parse.js
FN:5,(anonymous_0)
FNF:1
FNH:0
FNDA:0,(anonymous_0)
DA:5,1
DA:6,0
DA:7,0
DA:8,0
DA:9,0
DA:10,0
DA:11,0
DA:13,0
LF:8
LH:1
BRDA:8,0,0,0
BRDA:8,0,1,0
BRDA:10,1,0,0
BRDA:10,1,1,0
BRDA:10,2,0,0
BRDA:10,2,1,0
BRF:6
BRH:0
end_of_record
