TN:
SF:index.js
FNF:0
FNH:0
LF:0
LH:0
BRF:0
BRH:0
end_of_record
TN:
SF:src/compareTrees.js
FN:2,(anonymous_0)
FN:4,(anonymous_1)
FN:8,(anonymous_2)
FNF:3
FNH:3
FNDA:7,(anonymous_0)
FNDA:4,(anonymous_1)
FNDA:7,(anonymous_2)
DA:2,7
DA:4,1
DA:5,4
DA:6,4
DA:8,4
DA:9,7
DA:10,7
DA:11,7
DA:12,1
DA:14,6
DA:15,1
DA:17,5
DA:18,2
DA:20,3
DA:21,1
DA:25,2
DA:27,4
LF:17
LH:17
BRDA:2,0,0,7
BRDA:2,0,1,4
BRDA:11,1,0,1
BRDA:11,1,1,6
BRDA:14,2,0,1
BRDA:14,2,1,5
BRDA:17,3,0,2
BRDA:17,3,1,3
BRDA:17,4,0,5
BRDA:17,4,1,2
BRDA:20,5,0,1
BRDA:20,5,1,2
BRF:12
BRH:12
end_of_record
TN:
SF:src/index.js
FN:7,(anonymous_0)
FNF:1
FNH:0
FNDA:0,(anonymous_0)
DA:7,1
DA:8,0
DA:9,0
DA:10,0
DA:11,0
DA:12,0
DA:14,0
DA:16,0
DA:18,0
DA:19,0
LF:10
LH:1
BRDA:7,0,0,0
BRDA:11,1,0,0
BRDA:11,1,1,0
BRDA:11,2,0,0
BRDA:11,2,1,0
BRF:5
BRH:0
end_of_record
TN:
SF:src/parsers.js
FN:5,(anonymous_0)
FNF:1
FNH:1
FNDA:2,(anonymous_0)
DA:5,1
DA:6,2
DA:7,2
DA:8,2
DA:9,2
DA:10,1
DA:11,1
DA:12,1
DA:14,0
LF:9
LH:8
BRDA:9,0,0,1
BRDA:9,0,1,1
BRDA:11,1,0,1
BRDA:11,1,1,0
BRDA:11,2,0,1
BRDA:11,2,1,1
BRF:6
BRH:5
end_of_record
TN:
SF:src/formatters/formatJson.js
FN:4,(anonymous_0)
FNF:1
FNH:0
FNDA:0,(anonymous_0)
DA:4,1
DA:5,0
DA:7,0
DA:10,0
DA:13,0
DA:16,0
LF:6
LH:1
BRDA:5,0,0,0
BRDA:5,0,1,0
BRDA:5,0,2,0
BRDA:5,0,3,0
BRF:4
BRH:0
end_of_record
TN:
SF:src/formatters/formatPlain.js
FN:1,(anonymous_0)
FN:11,(anonymous_1)
FN:11,(anonymous_2)
FNF:3
FNH:0
FNDA:0,(anonymous_0)
FNDA:0,(anonymous_1)
FNDA:0,(anonymous_2)
DA:1,1
DA:2,0
DA:3,0
DA:5,0
DA:6,0
DA:8,0
DA:11,1
DA:12,0
DA:14,0
DA:16,0
DA:18,0
DA:20,0
DA:22,0
DA:24,0
LF:14
LH:2
BRDA:2,0,0,0
BRDA:2,0,1,0
BRDA:2,1,0,0
BRDA:2,1,1,0
BRDA:5,2,0,0
BRDA:5,2,1,0
BRDA:11,3,0,0
BRDA:12,4,0,0
BRDA:12,4,1,0
BRDA:14,5,0,0
BRDA:14,5,1,0
BRDA:14,5,2,0
BRDA:14,5,3,0
BRDA:14,5,4,0
BRF:14
BRH:0
end_of_record
TN:
SF:src/formatters/formatStylish.js
FN:1,(anonymous_0)
FN:6,(anonymous_1)
FN:12,(anonymous_2)
FN:15,(anonymous_3)
FNF:4
FNH:4
FNDA:12,(anonymous_0)
FNDA:4,(anonymous_1)
FNDA:7,(anonymous_2)
FNDA:8,(anonymous_3)
DA:1,1
DA:2,12
DA:3,2
DA:4,2
DA:5,2
DA:6,4
DA:8,2
DA:10,10
DA:12,1
DA:13,7
DA:15,7
DA:16,8
DA:17,8
DA:19,8
DA:21,3
DA:23,2
DA:25,1
DA:27,1
DA:29,1
DA:33,7
LF:20
LH:20
BRDA:2,0,0,2
BRDA:2,0,1,10
BRDA:2,1,0,12
BRDA:2,1,1,2
BRDA:12,2,0,6
BRDA:19,3,0,3
BRDA:19,3,1,2
BRDA:19,3,2,1
BRDA:19,3,3,1
BRDA:19,3,4,1
BRF:10
BRH:10
end_of_record
